{"/Users/ivo/Projects/gallery/client/app.js": {"path":"/Users/ivo/Projects/gallery/client/app.js","statementMap":{"0":{"start":{"line":1,"column":13},"end":{"line":1,"column":75}},"1":{"start":{"line":1,"column":75},"end":{"line":1,"column":132}},"2":{"start":{"line":9,"column":11},"end":{"line":9,"column":25}},"3":{"start":{"line":9,"column":38},"end":{"line":9,"column":66}},"4":{"start":{"line":10,"column":22},"end":{"line":10,"column":49}},"5":{"start":{"line":11,"column":20},"end":{"line":11,"column":44}},"6":{"start":{"line":11,"column":66},"end":{"line":11,"column":103}},"7":{"start":{"line":12,"column":17},"end":{"line":12,"column":38}},"8":{"start":{"line":12,"column":57},"end":{"line":12,"column":91}},"9":{"start":{"line":13,"column":20},"end":{"line":13,"column":45}},"10":{"start":{"line":13,"column":67},"end":{"line":13,"column":104}},"11":{"start":{"line":14,"column":21},"end":{"line":14,"column":47}},"12":{"start":{"line":14,"column":70},"end":{"line":14,"column":108}},"13":{"start":{"line":16,"column":11},"end":{"line":16,"column":38}},"14":{"start":{"line":16,"column":51},"end":{"line":16,"column":79}},"15":{"start":{"line":17,"column":14},"end":{"line":17,"column":33}},"16":{"start":{"line":17,"column":49},"end":{"line":17,"column":80}},"17":{"start":{"line":18,"column":13},"end":{"line":18,"column":31}},"18":{"start":{"line":18,"column":46},"end":{"line":18,"column":76}},"19":{"start":{"line":20,"column":0},"end":{"line":20,"column":48}},"20":{"start":{"line":21,"column":0},"end":{"line":21,"column":48}},"21":{"start":{"line":21,"column":86},"end":{"line":21,"column":140}},"22":{"start":{"line":23,"column":0},"end":{"line":23,"column":61}},"23":{"start":{"line":29,"column":65},"end":{"line":29,"column":107}},"24":{"start":{"line":29,"column":107},"end":{"line":29,"column":146}},"25":{"start":{"line":29,"column":146},"end":{"line":29,"column":188}},"26":{"start":{"line":29,"column":188},"end":{"line":29,"column":231}},"27":{"start":{"line":30,"column":12},"end":{"line":32,"column":43}},"28":{"start":{"line":32,"column":44},"end":{"line":36,"column":10}},"29":{"start":{"line":36,"column":10},"end":{"line":36,"column":44}},"30":{"start":{"line":36,"column":44},"end":{"line":36,"column":76}}},"fnMap":{"0":{"name":"_interopRequireDefault","decl":{"start":{"line":21,"column":57},"end":{"line":21,"column":79}},"loc":{"start":{"line":21,"column":85},"end":{"line":21,"column":141}},"line":21}},"branchMap":{"0":{"loc":{"start":{"line":21,"column":93},"end":{"line":21,"column":139}},"type":"cond-expr","locations":[{"start":{"line":21,"column":117},"end":{"line":21,"column":120}},{"start":{"line":21,"column":123},"end":{"line":21,"column":139}}],"line":21},"1":{"loc":{"start":{"line":21,"column":93},"end":{"line":21,"column":114}},"type":"binary-expr","locations":[{"start":{"line":21,"column":93},"end":{"line":21,"column":96}},{"start":{"line":21,"column":100},"end":{"line":21,"column":114}}],"line":21}},"s":{"0":0,"1":0,"2":0,"3":0,"4":0,"5":0,"6":0,"7":0,"8":0,"9":0,"10":0,"11":0,"12":0,"13":0,"14":0,"15":0,"16":0,"17":0,"18":0,"19":0,"20":0,"21":0,"22":0,"23":0,"24":0,"25":0,"26":0,"27":0,"28":0,"29":0,"30":0},"f":{"0":0},"b":{"0":[0,0],"1":[0,0]}}
,"/Users/ivo/Projects/gallery/client/dev-client.js": {"path":"/Users/ivo/Projects/gallery/client/dev-client.js","statementMap":{"0":{"start":{"line":1,"column":13},"end":{"line":1,"column":52}},"1":{"start":{"line":2,"column":0},"end":{"line":2,"column":34}}},"fnMap":{},"branchMap":{},"s":{"0":0,"1":0},"f":{},"b":{}}
,"/Users/ivo/Projects/gallery/client/index.js": {"path":"/Users/ivo/Projects/gallery/client/index.js","statementMap":{"0":{"start":{"line":8,"column":0},"end":{"line":8,"column":30}},"1":{"start":{"line":9,"column":11},"end":{"line":9,"column":27}},"2":{"start":{"line":14,"column":32},"end":{"line":14,"column":94}},"3":{"start":{"line":14,"column":76},"end":{"line":14,"column":93}},"4":{"start":{"line":15,"column":0},"end":{"line":15,"column":24}}},"fnMap":{},"branchMap":{"0":{"loc":{"start":{"line":14,"column":32},"end":{"line":14,"column":94}},"type":"if","locations":[{"start":{"line":14,"column":32},"end":{"line":14,"column":94}},{"start":{"line":14,"column":32},"end":{"line":14,"column":94}}],"line":14}},"s":{"0":0,"1":0,"2":0,"3":0,"4":0},"f":{},"b":{"0":[0,0]}}
,"/Users/ivo/Projects/gallery/client/promise-polyfill.js": {"path":"/Users/ivo/Projects/gallery/client/promise-polyfill.js","statementMap":{"0":{"start":{"line":1,"column":36},"end":{"line":1,"column":63}},"1":{"start":{"line":1,"column":88},"end":{"line":1,"column":128}},"2":{"start":{"line":1,"column":167},"end":{"line":1,"column":221}},"3":{"start":{"line":3,"column":0},"end":{"line":3,"column":61}}},"fnMap":{"0":{"name":"_interopRequireDefault","decl":{"start":{"line":1,"column":138},"end":{"line":1,"column":160}},"loc":{"start":{"line":1,"column":166},"end":{"line":1,"column":222}},"line":1}},"branchMap":{"0":{"loc":{"start":{"line":1,"column":174},"end":{"line":1,"column":220}},"type":"cond-expr","locations":[{"start":{"line":1,"column":198},"end":{"line":1,"column":201}},{"start":{"line":1,"column":204},"end":{"line":1,"column":220}}],"line":1},"1":{"loc":{"start":{"line":1,"column":174},"end":{"line":1,"column":195}},"type":"binary-expr","locations":[{"start":{"line":1,"column":174},"end":{"line":1,"column":177}},{"start":{"line":1,"column":181},"end":{"line":1,"column":195}}],"line":1},"2":{"loc":{"start":{"line":3,"column":17},"end":{"line":3,"column":60}},"type":"binary-expr","locations":[{"start":{"line":3,"column":17},"end":{"line":3,"column":31}},{"start":{"line":3,"column":35},"end":{"line":3,"column":60}}],"line":3}},"s":{"0":0,"1":0,"2":0,"3":0},"f":{"0":0},"b":{"0":[0,0],"1":[0,0],"2":[0,0]}}
,"/Users/ivo/Projects/gallery/client/pwa.js": {"path":"/Users/ivo/Projects/gallery/client/pwa.js","statementMap":{"0":{"start":{"line":1,"column":28},"end":{"line":1,"column":61}},"1":{"start":{"line":1,"column":78},"end":{"line":1,"column":110}},"2":{"start":{"line":1,"column":149},"end":{"line":1,"column":203}},"3":{"start":{"line":3,"column":0},"end":{"line":12,"column":7}},"4":{"start":{"line":5,"column":4},"end":{"line":5,"column":32}},"5":{"start":{"line":6,"column":4},"end":{"line":6,"column":36}},"6":{"start":{"line":10,"column":4},"end":{"line":10,"column":27}},"7":{"start":{"line":11,"column":4},"end":{"line":11,"column":22}}},"fnMap":{"0":{"name":"_interopRequireDefault","decl":{"start":{"line":1,"column":120},"end":{"line":1,"column":142}},"loc":{"start":{"line":1,"column":148},"end":{"line":1,"column":204}},"line":1}},"branchMap":{"0":{"loc":{"start":{"line":1,"column":156},"end":{"line":1,"column":202}},"type":"cond-expr","locations":[{"start":{"line":1,"column":180},"end":{"line":1,"column":183}},{"start":{"line":1,"column":186},"end":{"line":1,"column":202}}],"line":1},"1":{"loc":{"start":{"line":1,"column":156},"end":{"line":1,"column":177}},"type":"binary-expr","locations":[{"start":{"line":1,"column":156},"end":{"line":1,"column":159}},{"start":{"line":1,"column":163},"end":{"line":1,"column":177}}],"line":1}},"s":{"0":0,"1":0,"2":0,"3":0,"4":0,"5":0,"6":0,"7":0},"f":{"0":0},"b":{"0":[0,0],"1":[0,0]}}
,"/Users/ivo/Projects/gallery/client/components/App.vue": {"path":"/Users/ivo/Projects/gallery/client/components/App.vue","statementMap":{"0":{"start":{"line":1,"column":1},"end":{"line":3,"column":4}},"1":{"start":{"line":4,"column":0},"end":{"line":4,"column":70}},"2":{"start":{"line":4,"column":31},"end":{"line":4,"column":70}},"3":{"start":{"line":5,"column":24},"end":{"line":5,"column":100}},"4":{"start":{"line":6,"column":0},"end":{"line":6,"column":169}},"5":{"start":{"line":6,"column":54},"end":{"line":6,"column":58}},"6":{"start":{"line":6,"column":66},"end":{"line":6,"column":84}},"7":{"start":{"line":6,"column":92},"end":{"line":6,"column":108}},"8":{"start":{"line":6,"column":109},"end":{"line":6,"column":168}},"9":{"start":{"line":7,"column":0},"end":{"line":7,"column":37}}},"fnMap":{"0":{"name":"(anonymous_0)","decl":{"start":{"line":1,"column":2},"end":{"line":1,"column":3}},"loc":{"start":{"line":1,"column":12},"end":{"line":3,"column":1}},"line":1},"1":{"name":"render","decl":{"start":{"line":6,"column":35},"end":{"line":6,"column":41}},"loc":{"start":{"line":6,"column":45},"end":{"line":6,"column":169}},"line":6}},"branchMap":{"0":{"loc":{"start":{"line":4,"column":0},"end":{"line":4,"column":70}},"type":"if","locations":[{"start":{"line":4,"column":0},"end":{"line":4,"column":70}},{"start":{"line":4,"column":0},"end":{"line":4,"column":70}}],"line":4},"1":{"loc":{"start":{"line":5,"column":24},"end":{"line":5,"column":100}},"type":"cond-expr","locations":[{"start":{"line":5,"column":62},"end":{"line":5,"column":84}},{"start":{"line":5,"column":86},"end":{"line":5,"column":100}}],"line":5},"2":{"loc":{"start":{"line":6,"column":92},"end":{"line":6,"column":108}},"type":"binary-expr","locations":[{"start":{"line":6,"column":92},"end":{"line":6,"column":104}},{"start":{"line":6,"column":106},"end":{"line":6,"column":108}}],"line":6}},"s":{"0":0,"1":0,"2":0,"3":0,"4":0,"5":0,"6":0,"7":0,"8":0,"9":0},"f":{"0":0,"1":0},"b":{"0":[0,0],"1":[0,0],"2":[0,0]}}
,"/Users/ivo/Projects/gallery/client/components/List.vue": {"path":"/Users/ivo/Projects/gallery/client/components/List.vue","statementMap":{"0":{"start":{"line":1,"column":1},"end":{"line":118,"column":4}},"1":{"start":{"line":4,"column":0},"end":{"line":6,"column":3}},"2":{"start":{"line":8,"column":12},"end":{"line":8,"column":27}},"3":{"start":{"line":10,"column":14},"end":{"line":10,"column":34}},"4":{"start":{"line":63,"column":0},"end":{"line":117,"column":2}},"5":{"start":{"line":69,"column":6},"end":{"line":69,"column":31}},"6":{"start":{"line":74,"column":6},"end":{"line":76,"column":8}},"7":{"start":{"line":82,"column":6},"end":{"line":82,"column":26}},"8":{"start":{"line":88,"column":6},"end":{"line":88,"column":70}},"9":{"start":{"line":95,"column":6},"end":{"line":110,"column":7}},"10":{"start":{"line":96,"column":26},"end":{"line":96,"column":40}},"11":{"start":{"line":97,"column":8},"end":{"line":107,"column":11}},"12":{"start":{"line":98,"column":10},"end":{"line":106,"column":12}},"13":{"start":{"line":102,"column":14},"end":{"line":102,"column":44}},"14":{"start":{"line":109,"column":8},"end":{"line":109,"column":18}},"15":{"start":{"line":114,"column":4},"end":{"line":114,"column":30}},"16":{"start":{"line":115,"column":4},"end":{"line":115,"column":20}},"17":{"start":{"line":119,"column":0},"end":{"line":119,"column":70}},"18":{"start":{"line":119,"column":31},"end":{"line":119,"column":70}},"19":{"start":{"line":120,"column":24},"end":{"line":120,"column":100}},"20":{"start":{"line":121,"column":0},"end":{"line":121,"column":2304}},"21":{"start":{"line":121,"column":54},"end":{"line":121,"column":58}},"22":{"start":{"line":121,"column":66},"end":{"line":121,"column":84}},"23":{"start":{"line":121,"column":92},"end":{"line":121,"column":108}},"24":{"start":{"line":121,"column":109},"end":{"line":121,"column":2303}},"25":{"start":{"line":121,"column":773},"end":{"line":121,"column":2017}},"26":{"start":{"line":121,"column":1619},"end":{"line":121,"column":1644}},"27":{"start":{"line":121,"column":1644},"end":{"line":121,"column":1678}},"28":{"start":{"line":121,"column":1851},"end":{"line":121,"column":1876}},"29":{"start":{"line":121,"column":1876},"end":{"line":121,"column":1905}},"30":{"start":{"line":121,"column":2200},"end":{"line":121,"column":2225}},"31":{"start":{"line":121,"column":2225},"end":{"line":121,"column":2243}},"32":{"start":{"line":122,"column":0},"end":{"line":122,"column":37}}},"fnMap":{"0":{"name":"(anonymous_0)","decl":{"start":{"line":1,"column":2},"end":{"line":1,"column":3}},"loc":{"start":{"line":1,"column":12},"end":{"line":118,"column":1}},"line":1},"1":{"name":"(anonymous_1)","decl":{"start":{"line":97,"column":35},"end":{"line":97,"column":36}},"loc":{"start":{"line":97,"column":43},"end":{"line":107,"column":9}},"line":97},"2":{"name":"(anonymous_2)","decl":{"start":{"line":101,"column":52},"end":{"line":101,"column":53}},"loc":{"start":{"line":101,"column":65},"end":{"line":103,"column":13}},"line":101},"3":{"name":"(anonymous_3)","decl":{"start":{"line":113,"column":11},"end":{"line":113,"column":12}},"loc":{"start":{"line":113,"column":23},"end":{"line":116,"column":3}},"line":113},"4":{"name":"render","decl":{"start":{"line":121,"column":35},"end":{"line":121,"column":41}},"loc":{"start":{"line":121,"column":45},"end":{"line":121,"column":2304}},"line":121},"5":{"name":"(anonymous_5)","decl":{"start":{"line":121,"column":758},"end":{"line":121,"column":759}},"loc":{"start":{"line":121,"column":772},"end":{"line":121,"column":2018}},"line":121},"6":{"name":"(anonymous_6)","decl":{"start":{"line":121,"column":1602},"end":{"line":121,"column":1603}},"loc":{"start":{"line":121,"column":1618},"end":{"line":121,"column":1679}},"line":121},"7":{"name":"(anonymous_7)","decl":{"start":{"line":121,"column":1834},"end":{"line":121,"column":1835}},"loc":{"start":{"line":121,"column":1850},"end":{"line":121,"column":1906}},"line":121},"8":{"name":"(anonymous_8)","decl":{"start":{"line":121,"column":2183},"end":{"line":121,"column":2184}},"loc":{"start":{"line":121,"column":2199},"end":{"line":121,"column":2244}},"line":121}},"branchMap":{"0":{"loc":{"start":{"line":88,"column":13},"end":{"line":88,"column":69}},"type":"cond-expr","locations":[{"start":{"line":88,"column":43},"end":{"line":88,"column":57}},{"start":{"line":88,"column":60},"end":{"line":88,"column":69}}],"line":88},"1":{"loc":{"start":{"line":88,"column":13},"end":{"line":88,"column":40}},"type":"binary-expr","locations":[{"start":{"line":88,"column":13},"end":{"line":88,"column":22}},{"start":{"line":88,"column":26},"end":{"line":88,"column":40}}],"line":88},"2":{"loc":{"start":{"line":95,"column":6},"end":{"line":110,"column":7}},"type":"if","locations":[{"start":{"line":95,"column":6},"end":{"line":110,"column":7}},{"start":{"line":95,"column":6},"end":{"line":110,"column":7}}],"line":95},"3":{"loc":{"start":{"line":95,"column":10},"end":{"line":95,"column":38}},"type":"binary-expr","locations":[{"start":{"line":95,"column":10},"end":{"line":95,"column":19}},{"start":{"line":95,"column":23},"end":{"line":95,"column":38}}],"line":95},"4":{"loc":{"start":{"line":119,"column":0},"end":{"line":119,"column":70}},"type":"if","locations":[{"start":{"line":119,"column":0},"end":{"line":119,"column":70}},{"start":{"line":119,"column":0},"end":{"line":119,"column":70}}],"line":119},"5":{"loc":{"start":{"line":120,"column":24},"end":{"line":120,"column":100}},"type":"cond-expr","locations":[{"start":{"line":120,"column":62},"end":{"line":120,"column":84}},{"start":{"line":120,"column":86},"end":{"line":120,"column":100}}],"line":120},"6":{"loc":{"start":{"line":121,"column":92},"end":{"line":121,"column":108}},"type":"binary-expr","locations":[{"start":{"line":121,"column":92},"end":{"line":121,"column":104}},{"start":{"line":121,"column":106},"end":{"line":121,"column":108}}],"line":121},"7":{"loc":{"start":{"line":121,"column":185},"end":{"line":121,"column":296}},"type":"cond-expr","locations":[{"start":{"line":121,"column":232},"end":{"line":121,"column":287}},{"start":{"line":121,"column":288},"end":{"line":121,"column":296}}],"line":121},"8":{"loc":{"start":{"line":121,"column":186},"end":{"line":121,"column":230}},"type":"binary-expr","locations":[{"start":{"line":121,"column":186},"end":{"line":121,"column":202}},{"start":{"line":121,"column":206},"end":{"line":121,"column":230}}],"line":121},"9":{"loc":{"start":{"line":121,"column":309},"end":{"line":121,"column":399}},"type":"cond-expr","locations":[{"start":{"line":121,"column":327},"end":{"line":121,"column":390}},{"start":{"line":121,"column":391},"end":{"line":121,"column":399}}],"line":121},"10":{"loc":{"start":{"line":121,"column":412},"end":{"line":121,"column":613}},"type":"cond-expr","locations":[{"start":{"line":121,"column":432},"end":{"line":121,"column":604}},{"start":{"line":121,"column":605},"end":{"line":121,"column":613}}],"line":121},"11":{"loc":{"start":{"line":121,"column":506},"end":{"line":121,"column":600}},"type":"cond-expr","locations":[{"start":{"line":121,"column":556},"end":{"line":121,"column":595}},{"start":{"line":121,"column":598},"end":{"line":121,"column":600}}],"line":121},"12":{"loc":{"start":{"line":121,"column":506},"end":{"line":121,"column":553}},"type":"binary-expr","locations":[{"start":{"line":121,"column":506},"end":{"line":121,"column":523}},{"start":{"line":121,"column":527},"end":{"line":121,"column":553}}],"line":121},"13":{"loc":{"start":{"line":121,"column":628},"end":{"line":121,"column":2033}},"type":"cond-expr","locations":[{"start":{"line":121,"column":653},"end":{"line":121,"column":2024}},{"start":{"line":121,"column":2025},"end":{"line":121,"column":2033}}],"line":121},"14":{"loc":{"start":{"line":121,"column":958},"end":{"line":121,"column":1094}},"type":"cond-expr","locations":[{"start":{"line":121,"column":993},"end":{"line":121,"column":1085}},{"start":{"line":121,"column":1086},"end":{"line":121,"column":1094}}],"line":121},"15":{"loc":{"start":{"line":121,"column":1107},"end":{"line":121,"column":1241}},"type":"cond-expr","locations":[{"start":{"line":121,"column":1142},"end":{"line":121,"column":1232}},{"start":{"line":121,"column":1233},"end":{"line":121,"column":1241}}],"line":121},"16":{"loc":{"start":{"line":121,"column":1254},"end":{"line":121,"column":1472}},"type":"cond-expr","locations":[{"start":{"line":121,"column":1289},"end":{"line":121,"column":1463}},{"start":{"line":121,"column":1464},"end":{"line":121,"column":1472}}],"line":121},"17":{"loc":{"start":{"line":121,"column":1521},"end":{"line":121,"column":1742}},"type":"cond-expr","locations":[{"start":{"line":121,"column":1537},"end":{"line":121,"column":1733}},{"start":{"line":121,"column":1734},"end":{"line":121,"column":1742}}],"line":121},"18":{"loc":{"start":{"line":121,"column":1755},"end":{"line":121,"column":1964}},"type":"cond-expr","locations":[{"start":{"line":121,"column":1772},"end":{"line":121,"column":1955}},{"start":{"line":121,"column":1956},"end":{"line":121,"column":1964}}],"line":121},"19":{"loc":{"start":{"line":121,"column":2046},"end":{"line":121,"column":2301}},"type":"cond-expr","locations":[{"start":{"line":121,"column":2057},"end":{"line":121,"column":2292}},{"start":{"line":121,"column":2293},"end":{"line":121,"column":2301}}],"line":121}},"s":{"0":0,"1":0,"2":0,"3":0,"4":0,"5":0,"6":0,"7":0,"8":0,"9":0,"10":0,"11":0,"12":0,"13":0,"14":0,"15":0,"16":0,"17":0,"18":0,"19":0,"20":0,"21":0,"22":0,"23":0,"24":0,"25":0,"26":0,"27":0,"28":0,"29":0,"30":0,"31":0,"32":0},"f":{"0":0,"1":0,"2":0,"3":0,"4":0,"5":0,"6":0,"7":0,"8":0},"b":{"0":[0,0],"1":[0,0],"2":[0,0],"3":[0,0],"4":[0,0],"5":[0,0],"6":[0,0],"7":[0,0],"8":[0,0],"9":[0,0],"10":[0,0],"11":[0,0],"12":[0,0],"13":[0,0],"14":[0,0],"15":[0,0],"16":[0,0],"17":[0,0],"18":[0,0],"19":[0,0]}}
,"/Users/ivo/Projects/gallery/client/components/Sidebar.vue": {"path":"/Users/ivo/Projects/gallery/client/components/Sidebar.vue","statementMap":{"0":{"start":{"line":1,"column":1},"end":{"line":72,"column":4}},"1":{"start":{"line":4,"column":0},"end":{"line":6,"column":3}},"2":{"start":{"line":8,"column":12},"end":{"line":8,"column":27}},"3":{"start":{"line":10,"column":0},"end":{"line":30,"column":2}},"4":{"start":{"line":15,"column":8},"end":{"line":15,"column":25}},"5":{"start":{"line":18,"column":8},"end":{"line":18,"column":28}},"6":{"start":{"line":23,"column":8},"end":{"line":23,"column":27}},"7":{"start":{"line":26,"column":8},"end":{"line":26,"column":30}},"8":{"start":{"line":73,"column":0},"end":{"line":73,"column":70}},"9":{"start":{"line":73,"column":31},"end":{"line":73,"column":70}},"10":{"start":{"line":74,"column":24},"end":{"line":74,"column":100}},"11":{"start":{"line":75,"column":0},"end":{"line":75,"column":1873}},"12":{"start":{"line":75,"column":54},"end":{"line":75,"column":58}},"13":{"start":{"line":75,"column":66},"end":{"line":75,"column":84}},"14":{"start":{"line":75,"column":92},"end":{"line":75,"column":108}},"15":{"start":{"line":75,"column":109},"end":{"line":75,"column":1872}},"16":{"start":{"line":75,"column":290},"end":{"line":75,"column":315}},"17":{"start":{"line":75,"column":315},"end":{"line":75,"column":333}},"18":{"start":{"line":75,"column":737},"end":{"line":75,"column":892}},"19":{"start":{"line":75,"column":799},"end":{"line":75,"column":816}},"20":{"start":{"line":75,"column":845},"end":{"line":75,"column":879}},"21":{"start":{"line":75,"column":880},"end":{"line":75,"column":890}},"22":{"start":{"line":75,"column":894},"end":{"line":75,"column":965}},"23":{"start":{"line":75,"column":1003},"end":{"line":75,"column":1109}},"24":{"start":{"line":75,"column":1481},"end":{"line":75,"column":1636}},"25":{"start":{"line":75,"column":1543},"end":{"line":75,"column":1560}},"26":{"start":{"line":75,"column":1589},"end":{"line":75,"column":1623}},"27":{"start":{"line":75,"column":1624},"end":{"line":75,"column":1634}},"28":{"start":{"line":75,"column":1638},"end":{"line":75,"column":1711}},"29":{"start":{"line":75,"column":1753},"end":{"line":75,"column":1863}},"30":{"start":{"line":76,"column":0},"end":{"line":76,"column":37}}},"fnMap":{"0":{"name":"(anonymous_0)","decl":{"start":{"line":1,"column":2},"end":{"line":1,"column":3}},"loc":{"start":{"line":1,"column":12},"end":{"line":72,"column":1}},"line":1},"1":{"name":"render","decl":{"start":{"line":75,"column":35},"end":{"line":75,"column":41}},"loc":{"start":{"line":75,"column":45},"end":{"line":75,"column":1873}},"line":75},"2":{"name":"(anonymous_2)","decl":{"start":{"line":75,"column":273},"end":{"line":75,"column":274}},"loc":{"start":{"line":75,"column":289},"end":{"line":75,"column":334}},"line":75},"3":{"name":"(anonymous_3)","decl":{"start":{"line":75,"column":700},"end":{"line":75,"column":701}},"loc":{"start":{"line":75,"column":716},"end":{"line":75,"column":966}},"line":75},"4":{"name":"(anonymous_4)","decl":{"start":{"line":75,"column":787},"end":{"line":75,"column":788}},"loc":{"start":{"line":75,"column":798},"end":{"line":75,"column":817}},"line":75},"5":{"name":"(anonymous_5)","decl":{"start":{"line":75,"column":823},"end":{"line":75,"column":824}},"loc":{"start":{"line":75,"column":834},"end":{"line":75,"column":891}},"line":75},"6":{"name":"(anonymous_6)","decl":{"start":{"line":75,"column":988},"end":{"line":75,"column":989}},"loc":{"start":{"line":75,"column":1002},"end":{"line":75,"column":1110}},"line":75},"7":{"name":"(anonymous_7)","decl":{"start":{"line":75,"column":1444},"end":{"line":75,"column":1445}},"loc":{"start":{"line":75,"column":1460},"end":{"line":75,"column":1712}},"line":75},"8":{"name":"(anonymous_8)","decl":{"start":{"line":75,"column":1531},"end":{"line":75,"column":1532}},"loc":{"start":{"line":75,"column":1542},"end":{"line":75,"column":1561}},"line":75},"9":{"name":"(anonymous_9)","decl":{"start":{"line":75,"column":1567},"end":{"line":75,"column":1568}},"loc":{"start":{"line":75,"column":1578},"end":{"line":75,"column":1635}},"line":75},"10":{"name":"(anonymous_10)","decl":{"start":{"line":75,"column":1736},"end":{"line":75,"column":1737}},"loc":{"start":{"line":75,"column":1752},"end":{"line":75,"column":1864}},"line":75}},"branchMap":{"0":{"loc":{"start":{"line":73,"column":0},"end":{"line":73,"column":70}},"type":"if","locations":[{"start":{"line":73,"column":0},"end":{"line":73,"column":70}},{"start":{"line":73,"column":0},"end":{"line":73,"column":70}}],"line":73},"1":{"loc":{"start":{"line":74,"column":24},"end":{"line":74,"column":100}},"type":"cond-expr","locations":[{"start":{"line":74,"column":62},"end":{"line":74,"column":84}},{"start":{"line":74,"column":86},"end":{"line":74,"column":100}}],"line":74},"2":{"loc":{"start":{"line":75,"column":92},"end":{"line":75,"column":108}},"type":"binary-expr","locations":[{"start":{"line":75,"column":92},"end":{"line":75,"column":104}},{"start":{"line":75,"column":106},"end":{"line":75,"column":108}}],"line":75},"3":{"loc":{"start":{"line":75,"column":845},"end":{"line":75,"column":879}},"type":"cond-expr","locations":[{"start":{"line":75,"column":861},"end":{"line":75,"column":869}},{"start":{"line":75,"column":872},"end":{"line":75,"column":879}}],"line":75},"4":{"loc":{"start":{"line":75,"column":908},"end":{"line":75,"column":965}},"type":"cond-expr","locations":[{"start":{"line":75,"column":933},"end":{"line":75,"column":946}},{"start":{"line":75,"column":949},"end":{"line":75,"column":965}}],"line":75},"5":{"loc":{"start":{"line":75,"column":1589},"end":{"line":75,"column":1623}},"type":"cond-expr","locations":[{"start":{"line":75,"column":1605},"end":{"line":75,"column":1613}},{"start":{"line":75,"column":1616},"end":{"line":75,"column":1623}}],"line":75},"6":{"loc":{"start":{"line":75,"column":1654},"end":{"line":75,"column":1711}},"type":"cond-expr","locations":[{"start":{"line":75,"column":1679},"end":{"line":75,"column":1692}},{"start":{"line":75,"column":1695},"end":{"line":75,"column":1711}}],"line":75}},"s":{"0":0,"1":0,"2":0,"3":0,"4":0,"5":0,"6":0,"7":0,"8":0,"9":0,"10":0,"11":0,"12":0,"13":0,"14":0,"15":0,"16":0,"17":0,"18":0,"19":0,"20":0,"21":0,"22":0,"23":0,"24":0,"25":0,"26":0,"27":0,"28":0,"29":0,"30":0},"f":{"0":0,"1":0,"2":0,"3":0,"4":0,"5":0,"6":0,"7":0,"8":0,"9":0,"10":0},"b":{"0":[0,0],"1":[0,0],"2":[0,0],"3":[0,0],"4":[0,0],"5":[0,0],"6":[0,0]}}
,"/Users/ivo/Projects/gallery/client/components/Topbar.vue": {"path":"/Users/ivo/Projects/gallery/client/components/Topbar.vue","statementMap":{"0":{"start":{"line":1,"column":1},"end":{"line":35,"column":4}},"1":{"start":{"line":4,"column":0},"end":{"line":6,"column":3}},"2":{"start":{"line":8,"column":12},"end":{"line":8,"column":27}},"3":{"start":{"line":10,"column":0},"end":{"line":13,"column":2}},"4":{"start":{"line":36,"column":0},"end":{"line":36,"column":70}},"5":{"start":{"line":36,"column":31},"end":{"line":36,"column":70}},"6":{"start":{"line":37,"column":24},"end":{"line":37,"column":100}},"7":{"start":{"line":38,"column":0},"end":{"line":38,"column":645}},"8":{"start":{"line":38,"column":54},"end":{"line":38,"column":58}},"9":{"start":{"line":38,"column":66},"end":{"line":38,"column":84}},"10":{"start":{"line":38,"column":92},"end":{"line":38,"column":108}},"11":{"start":{"line":38,"column":109},"end":{"line":38,"column":644}},"12":{"start":{"line":38,"column":400},"end":{"line":38,"column":425}},"13":{"start":{"line":38,"column":425},"end":{"line":38,"column":442}},"14":{"start":{"line":39,"column":0},"end":{"line":39,"column":37}}},"fnMap":{"0":{"name":"(anonymous_0)","decl":{"start":{"line":1,"column":2},"end":{"line":1,"column":3}},"loc":{"start":{"line":1,"column":12},"end":{"line":35,"column":1}},"line":1},"1":{"name":"render","decl":{"start":{"line":38,"column":35},"end":{"line":38,"column":41}},"loc":{"start":{"line":38,"column":45},"end":{"line":38,"column":645}},"line":38},"2":{"name":"(anonymous_2)","decl":{"start":{"line":38,"column":383},"end":{"line":38,"column":384}},"loc":{"start":{"line":38,"column":399},"end":{"line":38,"column":443}},"line":38}},"branchMap":{"0":{"loc":{"start":{"line":36,"column":0},"end":{"line":36,"column":70}},"type":"if","locations":[{"start":{"line":36,"column":0},"end":{"line":36,"column":70}},{"start":{"line":36,"column":0},"end":{"line":36,"column":70}}],"line":36},"1":{"loc":{"start":{"line":37,"column":24},"end":{"line":37,"column":100}},"type":"cond-expr","locations":[{"start":{"line":37,"column":62},"end":{"line":37,"column":84}},{"start":{"line":37,"column":86},"end":{"line":37,"column":100}}],"line":37},"2":{"loc":{"start":{"line":38,"column":92},"end":{"line":38,"column":108}},"type":"binary-expr","locations":[{"start":{"line":38,"column":92},"end":{"line":38,"column":104}},{"start":{"line":38,"column":106},"end":{"line":38,"column":108}}],"line":38},"3":{"loc":{"start":{"line":38,"column":276},"end":{"line":38,"column":494}},"type":"cond-expr","locations":[{"start":{"line":38,"column":297},"end":{"line":38,"column":485}},{"start":{"line":38,"column":486},"end":{"line":38,"column":494}}],"line":38}},"s":{"0":0,"1":0,"2":0,"3":0,"4":0,"5":0,"6":0,"7":0,"8":0,"9":0,"10":0,"11":0,"12":0,"13":0,"14":0},"f":{"0":0,"1":0,"2":0},"b":{"0":[0,0],"1":[0,0],"2":[0,0],"3":[0,0]}}
,"/Users/ivo/Projects/gallery/client/store/actions.js": {"path":"/Users/ivo/Projects/gallery/client/store/actions.js","statementMap":{"0":{"start":{"line":17,"column":4},"end":{"line":17,"column":11}},"1":{"start":{"line":18,"column":4},"end":{"line":18,"column":11}},"2":{"start":{"line":19,"column":4},"end":{"line":19,"column":11}},"3":{"start":{"line":21,"column":4},"end":{"line":21,"column":11}},"4":{"start":{"line":23,"column":4},"end":{"line":23,"column":3}},"5":{"start":{"line":24,"column":6},"end":{"line":null,"column":-1}},"6":{"start":{"line":26,"column":10},"end":{"line":26,"column":17}},"7":{"start":{"line":27,"column":10},"end":{"line":27,"column":17}},"8":{"start":{"line":29,"column":10},"end":{"line":29,"column":17}},"9":{"start":{"line":31,"column":10},"end":{"line":null,"column":-1}},"10":{"start":{"line":33,"column":8},"end":{"line":33,"column":15}},"11":{"start":{"line":34,"column":8},"end":{"line":34,"column":15}},"12":{"start":{"line":36,"column":8},"end":{"line":36,"column":15}},"13":{"start":{"line":42,"column":4},"end":{"line":42,"column":11}},"14":{"start":{"line":45,"column":4},"end":{"line":45,"column":11}},"15":{"start":{"line":49,"column":4},"end":{"line":49,"column":11}},"16":{"start":{"line":52,"column":4},"end":{"line":52,"column":11}},"17":{"start":{"line":54,"column":4},"end":{"line":54,"column":17}},"18":{"start":{"line":55,"column":4},"end":{"line":99,"column":5}},"19":{"start":{"line":56,"column":6},"end":{"line":56,"column":13}},"20":{"start":{"line":57,"column":6},"end":{"line":57,"column":13}},"21":{"start":{"line":58,"column":6},"end":{"line":58,"column":13}},"22":{"start":{"line":60,"column":6},"end":{"line":60,"column":19}},"23":{"start":{"line":62,"column":12},"end":{"line":62,"column":23}},"24":{"start":{"line":70,"column":12},"end":{"line":70,"column":11}},"25":{"start":{"line":71,"column":8},"end":{"line":71,"column":21}},"26":{"start":{"line":73,"column":8},"end":{"line":73,"column":15}},"27":{"start":{"line":75,"column":6},"end":{"line":55,"column":47}},"28":{"start":{"line":76,"column":8},"end":{"line":null,"column":-1}},"29":{"start":{"line":77,"column":16},"end":{"line":77,"column":21}},"30":{"start":{"line":79,"column":10},"end":{"line":null,"column":-1}},"31":{"start":{"line":81,"column":14},"end":{"line":80,"column":24}},"32":{"start":{"line":82,"column":14},"end":{"line":80,"column":24}},"33":{"start":{"line":84,"column":14},"end":{"line":84,"column":27}},"34":{"start":{"line":85,"column":14},"end":{"line":85,"column":21}},"35":{"start":{"line":87,"column":14},"end":{"line":null,"column":-1}},"36":{"start":{"line":89,"column":12},"end":{"line":89,"column":36}},"37":{"start":{"line":91,"column":12},"end":{"line":null,"column":-1}},"38":{"start":{"line":96,"column":6},"end":{"line":null,"column":-1}},"39":{"start":{"line":97,"column":11},"end":{"line":99,"column":5}},"40":{"start":{"line":98,"column":6},"end":{"line":98,"column":15}},"41":{"start":{"line":103,"column":4},"end":{"line":103,"column":17}},"42":{"start":{"line":104,"column":4},"end":{"line":104,"column":11}},"43":{"start":{"line":107,"column":4},"end":{"line":107,"column":11}},"44":{"start":{"line":110,"column":4},"end":{"line":110,"column":11}}},"fnMap":{"0":{"name":"(anonymous_0)","decl":{"start":{"line":23,"column":23},"end":{"line":23,"column":24}},"loc":{"start":{"line":23,"column":44},"end":{"line":23,"column":11}}},"1":{"name":"(anonymous_1)","decl":{"start":{"line":25,"column":8},"end":{"line":25,"column":19}},"loc":{"start":{"line":25,"column":20},"end":{"line":32,"column":11}}},"2":{"name":"(anonymous_2)","decl":{"start":{"line":32,"column":11},"end":{"line":32,"column":19}},"loc":{"start":{"line":32,"column":20},"end":{"line":24,"column":6}}},"3":{"name":"(anonymous_3)","decl":{"start":{"line":70,"column":12},"end":{"line":70,"column":21}},"loc":{"start":{"line":70,"column":12},"end":{"line":70,"column":22}}},"4":{"name":"(anonymous_4)","decl":{"start":{"line":76,"column":21},"end":{"line":76,"column":23}},"loc":{"start":{"line":76,"column":21},"end":{"line":76,"column":20}}},"5":{"name":"(anonymous_5)","decl":{"start":{"line":80,"column":12},"end":{"line":80,"column":23}},"loc":{"start":{"line":80,"column":24},"end":{"line":88,"column":15}}},"6":{"name":"(anonymous_6)","decl":{"start":{"line":88,"column":15},"end":{"line":88,"column":23}},"loc":{"start":{"line":88,"column":24},"end":{"line":79,"column":10}}}},"branchMap":{"0":{"loc":{"start":{"line":24,"column":6},"end":{"line":24,"column":11}},"type":"binary-expr","locations":[{"start":{"line":24,"column":6},"end":{"line":24,"column":11}},{"start":{"line":24,"column":6},"end":{"line":24,"column":11}}]},"1":{"loc":{"start":{"line":55,"column":4},"end":{"line":99,"column":5}},"type":"if","locations":[{"start":{"line":55,"column":4},"end":{"line":99,"column":5}},{"start":{"line":55,"column":4},"end":{"line":99,"column":5}}]},"2":{"loc":{"start":{"line":97,"column":11},"end":{"line":99,"column":5}},"type":"if","locations":[{"start":{"line":97,"column":11},"end":{"line":99,"column":5}},{"start":{"line":97,"column":11},"end":{"line":99,"column":5}}]}},"s":{"0":0,"1":0,"2":0,"3":0,"4":0,"5":0,"6":0,"7":0,"8":0,"9":0,"10":0,"11":0,"12":0,"13":0,"14":0,"15":0,"16":0,"17":0,"18":0,"19":0,"20":0,"21":0,"22":0,"23":0,"24":0,"25":0,"26":0,"27":0,"28":0,"29":0,"30":0,"31":0,"32":0,"33":0,"34":0,"35":0,"36":0,"37":0,"38":0,"39":0,"40":0,"41":0,"42":0,"43":0,"44":0},"f":{"0":0,"1":0,"2":0,"3":0,"4":0,"5":0,"6":0},"b":{"0":[0,0],"1":[0,0],"2":[0,0]}}
,"/Users/ivo/Projects/gallery/client/store/getters.js": {"path":"/Users/ivo/Projects/gallery/client/store/getters.js","statementMap":{"0":{"start":{"line":1,"column":13},"end":{"line":1,"column":75}},"1":{"start":{"line":5,"column":14},"end":{"line":5,"column":34}},"2":{"start":{"line":7,"column":16},"end":{"line":43,"column":5}},"3":{"start":{"line":9,"column":4},"end":{"line":9,"column":22}},"4":{"start":{"line":12,"column":4},"end":{"line":12,"column":31}},"5":{"start":{"line":15,"column":4},"end":{"line":15,"column":29}},"6":{"start":{"line":19,"column":4},"end":{"line":19,"column":31}},"7":{"start":{"line":23,"column":4},"end":{"line":23,"column":32}},"8":{"start":{"line":27,"column":4},"end":{"line":27,"column":34}},"9":{"start":{"line":31,"column":4},"end":{"line":31,"column":22}},"10":{"start":{"line":34,"column":4},"end":{"line":34,"column":24}},"11":{"start":{"line":38,"column":4},"end":{"line":38,"column":24}},"12":{"start":{"line":42,"column":4},"end":{"line":42,"column":27}},"13":{"start":{"line":45,"column":10},"end":{"line":46,"column":8}}},"fnMap":{},"branchMap":{},"s":{"0":0,"1":0,"2":0,"3":0,"4":0,"5":0,"6":0,"7":0,"8":0,"9":0,"10":0,"11":0,"12":0,"13":0},"f":{},"b":{}}
,"/Users/ivo/Projects/gallery/client/store/index.js": {"path":"/Users/ivo/Projects/gallery/client/store/index.js","statementMap":{"0":{"start":{"line":1,"column":13},"end":{"line":1,"column":75}},"1":{"start":{"line":7,"column":11},"end":{"line":7,"column":25}},"2":{"start":{"line":7,"column":38},"end":{"line":7,"column":66}},"3":{"start":{"line":8,"column":12},"end":{"line":8,"column":27}},"4":{"start":{"line":8,"column":41},"end":{"line":8,"column":70}},"5":{"start":{"line":10,"column":13},"end":{"line":10,"column":31}},"6":{"start":{"line":10,"column":46},"end":{"line":10,"column":76}},"7":{"start":{"line":11,"column":17},"end":{"line":11,"column":39}},"8":{"start":{"line":11,"column":58},"end":{"line":11,"column":92}},"9":{"start":{"line":12,"column":15},"end":{"line":12,"column":35}},"10":{"start":{"line":12,"column":52},"end":{"line":12,"column":84}},"11":{"start":{"line":13,"column":15},"end":{"line":13,"column":35}},"12":{"start":{"line":13,"column":52},"end":{"line":13,"column":84}},"13":{"start":{"line":13,"column":123},"end":{"line":13,"column":177}},"14":{"start":{"line":17,"column":182},"end":{"line":17,"column":216}},"15":{"start":{"line":17,"column":230},"end":{"line":21,"column":31}},"16":{"start":{"line":21,"column":32},"end":{"line":24,"column":6}}},"fnMap":{"0":{"name":"_interopRequireDefault","decl":{"start":{"line":13,"column":94},"end":{"line":13,"column":116}},"loc":{"start":{"line":13,"column":122},"end":{"line":13,"column":178}},"line":13}},"branchMap":{"0":{"loc":{"start":{"line":13,"column":130},"end":{"line":13,"column":176}},"type":"cond-expr","locations":[{"start":{"line":13,"column":154},"end":{"line":13,"column":157}},{"start":{"line":13,"column":160},"end":{"line":13,"column":176}}],"line":13},"1":{"loc":{"start":{"line":13,"column":130},"end":{"line":13,"column":151}},"type":"binary-expr","locations":[{"start":{"line":13,"column":130},"end":{"line":13,"column":133}},{"start":{"line":13,"column":137},"end":{"line":13,"column":151}}],"line":13}},"s":{"0":0,"1":0,"2":0,"3":0,"4":0,"5":0,"6":0,"7":0,"8":0,"9":0,"10":0,"11":0,"12":0,"13":0,"14":0,"15":0,"16":0},"f":{"0":0},"b":{"0":[0,0],"1":[0,0]}}
,"/Users/ivo/Projects/gallery/client/store/mutations.js": {"path":"/Users/ivo/Projects/gallery/client/store/mutations.js","statementMap":{"0":{"start":{"line":28,"column":4},"end":{"line":28,"column":3}},"1":{"start":{"line":31,"column":4},"end":{"line":31,"column":3}},"2":{"start":{"line":34,"column":4},"end":{"line":34,"column":3}},"3":{"start":{"line":37,"column":4},"end":{"line":37,"column":3}},"4":{"start":{"line":41,"column":4},"end":{"line":41,"column":3}},"5":{"start":{"line":44,"column":4},"end":{"line":44,"column":3}},"6":{"start":{"line":48,"column":4},"end":{"line":48,"column":3}},"7":{"start":{"line":51,"column":4},"end":{"line":51,"column":3}},"8":{"start":{"line":55,"column":4},"end":{"line":55,"column":3}},"9":{"start":{"line":56,"column":4},"end":{"line":null,"column":-1}},"10":{"start":{"line":60,"column":4},"end":{"line":60,"column":22}},"11":{"start":{"line":63,"column":4},"end":{"line":63,"column":3}},"12":{"start":{"line":64,"column":6},"end":{"line":63,"column":48}},"13":{"start":{"line":66,"column":6},"end":{"line":66,"column":10}},"14":{"start":{"line":70,"column":10},"end":{"line":70,"column":17}},"15":{"start":{"line":71,"column":4},"end":{"line":71,"column":3}},"16":{"start":{"line":72,"column":6},"end":{"line":71,"column":21}},"17":{"start":{"line":74,"column":6},"end":{"line":74,"column":10}}},"fnMap":{},"branchMap":{"0":{"loc":{"start":{"line":60,"column":22},"end":{"line":60,"column":25}},"type":"binary-expr","locations":[{"start":{"line":60,"column":22},"end":{"line":60,"column":25}},{"start":{"line":60,"column":22},"end":{"line":60,"column":25}}]},"1":{"loc":{"start":{"line":63,"column":4},"end":{"line":63,"column":3}},"type":"if","locations":[{"start":{"line":63,"column":4},"end":{"line":63,"column":3}},{"start":{"line":63,"column":4},"end":{"line":63,"column":3}}]},"2":{"loc":{"start":{"line":71,"column":4},"end":{"line":71,"column":3}},"type":"if","locations":[{"start":{"line":71,"column":4},"end":{"line":71,"column":3}},{"start":{"line":71,"column":4},"end":{"line":71,"column":3}}]}},"s":{"0":0,"1":0,"2":0,"3":0,"4":0,"5":0,"6":0,"7":0,"8":0,"9":0,"10":0,"11":0,"12":0,"13":0,"14":0,"15":0,"16":0,"17":0},"f":{},"b":{"0":[0,0],"1":[0,0],"2":[0,0]}}
,"/Users/ivo/Projects/gallery/client/views/Home.vue": {"path":"/Users/ivo/Projects/gallery/client/views/Home.vue","statementMap":{"0":{"start":{"line":1,"column":1},"end":{"line":58,"column":4}},"1":{"start":{"line":4,"column":0},"end":{"line":6,"column":3}},"2":{"start":{"line":8,"column":12},"end":{"line":8,"column":27}},"3":{"start":{"line":10,"column":14},"end":{"line":10,"column":45}},"4":{"start":{"line":12,"column":15},"end":{"line":12,"column":46}},"5":{"start":{"line":14,"column":15},"end":{"line":14,"column":47}},"6":{"start":{"line":16,"column":16},"end":{"line":16,"column":48}},"7":{"start":{"line":18,"column":12},"end":{"line":18,"column":41}},"8":{"start":{"line":20,"column":13},"end":{"line":20,"column":42}},"9":{"start":{"line":22,"column":39},"end":{"line":22,"column":93}},"10":{"start":{"line":49,"column":0},"end":{"line":57,"column":2}},"11":{"start":{"line":59,"column":0},"end":{"line":59,"column":70}},"12":{"start":{"line":59,"column":31},"end":{"line":59,"column":70}},"13":{"start":{"line":60,"column":24},"end":{"line":60,"column":100}},"14":{"start":{"line":61,"column":0},"end":{"line":61,"column":500}},"15":{"start":{"line":61,"column":54},"end":{"line":61,"column":58}},"16":{"start":{"line":61,"column":66},"end":{"line":61,"column":84}},"17":{"start":{"line":61,"column":92},"end":{"line":61,"column":108}},"18":{"start":{"line":61,"column":109},"end":{"line":61,"column":499}},"19":{"start":{"line":62,"column":0},"end":{"line":62,"column":37}}},"fnMap":{"0":{"name":"(anonymous_0)","decl":{"start":{"line":1,"column":2},"end":{"line":1,"column":3}},"loc":{"start":{"line":1,"column":12},"end":{"line":58,"column":1}},"line":1},"1":{"name":"_interopRequireDefault","decl":{"start":{"line":22,"column":9},"end":{"line":22,"column":31}},"loc":{"start":{"line":22,"column":37},"end":{"line":22,"column":95}},"line":22},"2":{"name":"render","decl":{"start":{"line":61,"column":35},"end":{"line":61,"column":41}},"loc":{"start":{"line":61,"column":45},"end":{"line":61,"column":500}},"line":61}},"branchMap":{"0":{"loc":{"start":{"line":22,"column":46},"end":{"line":22,"column":92}},"type":"cond-expr","locations":[{"start":{"line":22,"column":70},"end":{"line":22,"column":73}},{"start":{"line":22,"column":76},"end":{"line":22,"column":92}}],"line":22},"1":{"loc":{"start":{"line":22,"column":46},"end":{"line":22,"column":67}},"type":"binary-expr","locations":[{"start":{"line":22,"column":46},"end":{"line":22,"column":49}},{"start":{"line":22,"column":53},"end":{"line":22,"column":67}}],"line":22},"2":{"loc":{"start":{"line":59,"column":0},"end":{"line":59,"column":70}},"type":"if","locations":[{"start":{"line":59,"column":0},"end":{"line":59,"column":70}},{"start":{"line":59,"column":0},"end":{"line":59,"column":70}}],"line":59},"3":{"loc":{"start":{"line":60,"column":24},"end":{"line":60,"column":100}},"type":"cond-expr","locations":[{"start":{"line":60,"column":62},"end":{"line":60,"column":84}},{"start":{"line":60,"column":86},"end":{"line":60,"column":100}}],"line":60},"4":{"loc":{"start":{"line":61,"column":92},"end":{"line":61,"column":108}},"type":"binary-expr","locations":[{"start":{"line":61,"column":92},"end":{"line":61,"column":104}},{"start":{"line":61,"column":106},"end":{"line":61,"column":108}}],"line":61},"5":{"loc":{"start":{"line":61,"column":267},"end":{"line":61,"column":358}},"type":"cond-expr","locations":[{"start":{"line":61,"column":287},"end":{"line":61,"column":349}},{"start":{"line":61,"column":350},"end":{"line":61,"column":358}}],"line":61}},"s":{"0":0,"1":0,"2":0,"3":0,"4":0,"5":0,"6":0,"7":0,"8":0,"9":0,"10":0,"11":0,"12":0,"13":0,"14":0,"15":0,"16":0,"17":0,"18":0,"19":0},"f":{"0":0,"1":0,"2":0},"b":{"0":[0,0],"1":[0,0],"2":[0,0],"3":[0,0],"4":[0,0],"5":[0,0]}}
}
