TN:
SF:/Users/ivo/Projects/gallery/client/app.js
FN:21,_interopRequireDefault
FNF:1
FNH:0
FNDA:0,_interopRequireDefault
DA:1,0
DA:9,0
DA:10,0
DA:11,0
DA:12,0
DA:13,0
DA:14,0
DA:16,0
DA:17,0
DA:18,0
DA:20,0
DA:21,0
DA:23,0
DA:29,0
DA:30,0
DA:32,0
DA:36,0
LF:17
LH:0
BRDA:21,0,0,0
BRDA:21,0,1,0
BRDA:21,1,0,0
BRDA:21,1,1,0
BRF:4
BRH:0
end_of_record
TN:
SF:/Users/ivo/Projects/gallery/client/dev-client.js
FNF:0
FNH:0
DA:1,0
DA:2,0
LF:2
LH:0
BRF:0
BRH:0
end_of_record
TN:
SF:/Users/ivo/Projects/gallery/client/index.js
FNF:0
FNH:0
DA:8,0
DA:9,0
DA:14,0
DA:15,0
LF:4
LH:0
BRDA:14,0,0,0
BRDA:14,0,1,0
BRF:2
BRH:0
end_of_record
TN:
SF:/Users/ivo/Projects/gallery/client/promise-polyfill.js
FN:1,_interopRequireDefault
FNF:1
FNH:0
FNDA:0,_interopRequireDefault
DA:1,0
DA:3,0
LF:2
LH:0
BRDA:1,0,0,0
BRDA:1,0,1,0
BRDA:1,1,0,0
BRDA:1,1,1,0
BRDA:3,2,0,0
BRDA:3,2,1,0
BRF:6
BRH:0
end_of_record
TN:
SF:/Users/ivo/Projects/gallery/client/pwa.js
FN:1,_interopRequireDefault
FNF:1
FNH:0
FNDA:0,_interopRequireDefault
DA:1,0
DA:3,0
DA:5,0
DA:6,0
DA:10,0
DA:11,0
LF:6
LH:0
BRDA:1,0,0,0
BRDA:1,0,1,0
BRDA:1,1,0,0
BRDA:1,1,1,0
BRF:4
BRH:0
end_of_record
TN:
SF:/Users/ivo/Projects/gallery/client/components/App.vue
FN:1,(anonymous_0)
FN:6,render
FNF:2
FNH:0
FNDA:0,(anonymous_0)
FNDA:0,render
DA:1,0
DA:4,0
DA:5,0
DA:6,0
DA:7,0
LF:5
LH:0
BRDA:4,0,0,0
BRDA:4,0,1,0
BRDA:5,1,0,0
BRDA:5,1,1,0
BRDA:6,2,0,0
BRDA:6,2,1,0
BRF:6
BRH:0
end_of_record
TN:
SF:/Users/ivo/Projects/gallery/client/components/List.vue
FN:1,(anonymous_0)
FN:97,(anonymous_1)
FN:101,(anonymous_2)
FN:113,(anonymous_3)
FN:121,render
FN:121,(anonymous_5)
FN:121,(anonymous_6)
FN:121,(anonymous_7)
FN:121,(anonymous_8)
FNF:9
FNH:0
FNDA:0,(anonymous_0)
FNDA:0,(anonymous_1)
FNDA:0,(anonymous_2)
FNDA:0,(anonymous_3)
FNDA:0,render
FNDA:0,(anonymous_5)
FNDA:0,(anonymous_6)
FNDA:0,(anonymous_7)
FNDA:0,(anonymous_8)
DA:1,0
DA:4,0
DA:8,0
DA:10,0
DA:63,0
DA:69,0
DA:74,0
DA:82,0
DA:88,0
DA:95,0
DA:96,0
DA:97,0
DA:98,0
DA:102,0
DA:109,0
DA:114,0
DA:115,0
DA:119,0
DA:120,0
DA:121,0
DA:122,0
LF:21
LH:0
BRDA:88,0,0,0
BRDA:88,0,1,0
BRDA:88,1,0,0
BRDA:88,1,1,0
BRDA:95,2,0,0
BRDA:95,2,1,0
BRDA:95,3,0,0
BRDA:95,3,1,0
BRDA:119,4,0,0
BRDA:119,4,1,0
BRDA:120,5,0,0
BRDA:120,5,1,0
BRDA:121,6,0,0
BRDA:121,6,1,0
BRDA:121,7,0,0
BRDA:121,7,1,0
BRDA:121,8,0,0
BRDA:121,8,1,0
BRDA:121,9,0,0
BRDA:121,9,1,0
BRDA:121,10,0,0
BRDA:121,10,1,0
BRDA:121,11,0,0
BRDA:121,11,1,0
BRDA:121,12,0,0
BRDA:121,12,1,0
BRDA:121,13,0,0
BRDA:121,13,1,0
BRDA:121,14,0,0
BRDA:121,14,1,0
BRDA:121,15,0,0
BRDA:121,15,1,0
BRDA:121,16,0,0
BRDA:121,16,1,0
BRDA:121,17,0,0
BRDA:121,17,1,0
BRDA:121,18,0,0
BRDA:121,18,1,0
BRDA:121,19,0,0
BRDA:121,19,1,0
BRF:40
BRH:0
end_of_record
TN:
SF:/Users/ivo/Projects/gallery/client/components/Sidebar.vue
FN:1,(anonymous_0)
FN:75,render
FN:75,(anonymous_2)
FN:75,(anonymous_3)
FN:75,(anonymous_4)
FN:75,(anonymous_5)
FN:75,(anonymous_6)
FN:75,(anonymous_7)
FN:75,(anonymous_8)
FN:75,(anonymous_9)
FN:75,(anonymous_10)
FNF:11
FNH:0
FNDA:0,(anonymous_0)
FNDA:0,render
FNDA:0,(anonymous_2)
FNDA:0,(anonymous_3)
FNDA:0,(anonymous_4)
FNDA:0,(anonymous_5)
FNDA:0,(anonymous_6)
FNDA:0,(anonymous_7)
FNDA:0,(anonymous_8)
FNDA:0,(anonymous_9)
FNDA:0,(anonymous_10)
DA:1,0
DA:4,0
DA:8,0
DA:10,0
DA:15,0
DA:18,0
DA:23,0
DA:26,0
DA:73,0
DA:74,0
DA:75,0
DA:76,0
LF:12
LH:0
BRDA:73,0,0,0
BRDA:73,0,1,0
BRDA:74,1,0,0
BRDA:74,1,1,0
BRDA:75,2,0,0
BRDA:75,2,1,0
BRDA:75,3,0,0
BRDA:75,3,1,0
BRDA:75,4,0,0
BRDA:75,4,1,0
BRDA:75,5,0,0
BRDA:75,5,1,0
BRDA:75,6,0,0
BRDA:75,6,1,0
BRF:14
BRH:0
end_of_record
TN:
SF:/Users/ivo/Projects/gallery/client/components/Topbar.vue
FN:1,(anonymous_0)
FN:38,render
FN:38,(anonymous_2)
FNF:3
FNH:0
FNDA:0,(anonymous_0)
FNDA:0,render
FNDA:0,(anonymous_2)
DA:1,0
DA:4,0
DA:8,0
DA:10,0
DA:36,0
DA:37,0
DA:38,0
DA:39,0
LF:8
LH:0
BRDA:36,0,0,0
BRDA:36,0,1,0
BRDA:37,1,0,0
BRDA:37,1,1,0
BRDA:38,2,0,0
BRDA:38,2,1,0
BRDA:38,3,0,0
BRDA:38,3,1,0
BRF:8
BRH:0
end_of_record
TN:
SF:/Users/ivo/Projects/gallery/client/store/actions.js
FN:23,(anonymous_0)
FN:25,(anonymous_1)
FN:32,(anonymous_2)
FN:70,(anonymous_3)
FN:76,(anonymous_4)
FN:80,(anonymous_5)
FN:88,(anonymous_6)
FNF:7
FNH:0
FNDA:0,(anonymous_0)
FNDA:0,(anonymous_1)
FNDA:0,(anonymous_2)
FNDA:0,(anonymous_3)
FNDA:0,(anonymous_4)
FNDA:0,(anonymous_5)
FNDA:0,(anonymous_6)
DA:17,0
DA:18,0
DA:19,0
DA:21,0
DA:23,0
DA:24,0
DA:26,0
DA:27,0
DA:29,0
DA:31,0
DA:33,0
DA:34,0
DA:36,0
DA:42,0
DA:45,0
DA:49,0
DA:52,0
DA:54,0
DA:55,0
DA:56,0
DA:57,0
DA:58,0
DA:60,0
DA:62,0
DA:70,0
DA:71,0
DA:73,0
DA:75,0
DA:76,0
DA:77,0
DA:79,0
DA:81,0
DA:82,0
DA:84,0
DA:85,0
DA:87,0
DA:89,0
DA:91,0
DA:96,0
DA:97,0
DA:98,0
DA:103,0
DA:104,0
DA:107,0
DA:110,0
LF:45
LH:0
BRDA:24,0,0,0
BRDA:24,0,1,0
BRDA:55,1,0,0
BRDA:55,1,1,0
BRDA:97,2,0,0
BRDA:97,2,1,0
BRF:6
BRH:0
end_of_record
TN:
SF:/Users/ivo/Projects/gallery/client/store/getters.js
FNF:0
FNH:0
DA:1,0
DA:5,0
DA:7,0
DA:9,0
DA:12,0
DA:15,0
DA:19,0
DA:23,0
DA:27,0
DA:31,0
DA:34,0
DA:38,0
DA:42,0
DA:45,0
LF:14
LH:0
BRF:0
BRH:0
end_of_record
TN:
SF:/Users/ivo/Projects/gallery/client/store/index.js
FN:13,_interopRequireDefault
FNF:1
FNH:0
FNDA:0,_interopRequireDefault
DA:1,0
DA:7,0
DA:8,0
DA:10,0
DA:11,0
DA:12,0
DA:13,0
DA:17,0
DA:21,0
LF:9
LH:0
BRDA:13,0,0,0
BRDA:13,0,1,0
BRDA:13,1,0,0
BRDA:13,1,1,0
BRF:4
BRH:0
end_of_record
TN:
SF:/Users/ivo/Projects/gallery/client/store/mutations.js
FNF:0
FNH:0
DA:28,0
DA:31,0
DA:34,0
DA:37,0
DA:41,0
DA:44,0
DA:48,0
DA:51,0
DA:55,0
DA:56,0
DA:60,0
DA:63,0
DA:64,0
DA:66,0
DA:70,0
DA:71,0
DA:72,0
DA:74,0
LF:18
LH:0
BRDA:60,0,0,0
BRDA:60,0,1,0
BRDA:63,1,0,0
BRDA:63,1,1,0
BRDA:71,2,0,0
BRDA:71,2,1,0
BRF:6
BRH:0
end_of_record
TN:
SF:/Users/ivo/Projects/gallery/client/views/Home.vue
FN:1,(anonymous_0)
FN:22,_interopRequireDefault
FN:61,render
FNF:3
FNH:0
FNDA:0,(anonymous_0)
FNDA:0,_interopRequireDefault
FNDA:0,render
DA:1,0
DA:4,0
DA:8,0
DA:10,0
DA:12,0
DA:14,0
DA:16,0
DA:18,0
DA:20,0
DA:22,0
DA:49,0
DA:59,0
DA:60,0
DA:61,0
DA:62,0
LF:15
LH:0
BRDA:22,0,0,0
BRDA:22,0,1,0
BRDA:22,1,0,0
BRDA:22,1,1,0
BRDA:59,2,0,0
BRDA:59,2,1,0
BRDA:60,3,0,0
BRDA:60,3,1,0
BRDA:61,4,0,0
BRDA:61,4,1,0
BRDA:61,5,0,0
BRDA:61,5,1,0
BRF:12
BRH:0
end_of_record
